<?xml version="1.0" encoding="UTF-8"?>
<testng-results skipped="0" failed="1" total="7" passed="6">
  <reporter-output>
  </reporter-output>
  <suite name="Suite" duration-ms="51596" started-at="2019-09-18T03:42:36Z" finished-at="2019-09-18T03:43:28Z">
    <groups>
    </groups>
    <test name="Test" duration-ms="51596" started-at="2019-09-18T03:42:36Z" finished-at="2019-09-18T03:43:28Z">
      <class name="automate.webautomate.testcase.Login">
        <test-method status="PASS" signature="beforeClass()[pri:0, instance:automate.webautomate.testcase.Login@326de728]" name="beforeClass" is-config="true" duration-ms="9147" started-at="2019-09-18T11:42:36Z" finished-at="2019-09-18T11:42:45Z">
          <reporter-output>
          </reporter-output>
        </test-method> <!-- beforeClass -->
        <test-method status="PASS" signature="FalseULogin()[pri:0, instance:automate.webautomate.testcase.Login@326de728]" name="FalseULogin" duration-ms="8504" started-at="2019-09-18T11:42:45Z" finished-at="2019-09-18T11:42:54Z">
          <reporter-output>
          </reporter-output>
        </test-method> <!-- FalseULogin -->
        <test-method status="PASS" signature="FalsePLogin()[pri:0, instance:automate.webautomate.testcase.Login@326de728]" name="FalsePLogin" duration-ms="2839" started-at="2019-09-18T11:42:54Z" finished-at="2019-09-18T11:42:57Z">
          <reporter-output>
          </reporter-output>
        </test-method> <!-- FalsePLogin -->
        <test-method status="PASS" signature="FalseUNullLogin()[pri:0, instance:automate.webautomate.testcase.Login@326de728]" name="FalseUNullLogin" duration-ms="2725" started-at="2019-09-18T11:42:57Z" finished-at="2019-09-18T11:42:59Z">
          <reporter-output>
          </reporter-output>
        </test-method> <!-- FalseUNullLogin -->
        <test-method status="PASS" signature="FalsePNullLogin()[pri:0, instance:automate.webautomate.testcase.Login@326de728]" name="FalsePNullLogin" duration-ms="2732" started-at="2019-09-18T11:42:59Z" finished-at="2019-09-18T11:43:02Z">
          <reporter-output>
          </reporter-output>
        </test-method> <!-- FalsePNullLogin -->
        <test-method status="PASS" signature="JUPclick()[pri:0, instance:automate.webautomate.testcase.Login@326de728]" name="JUPclick" duration-ms="2476" started-at="2019-09-18T11:43:02Z" finished-at="2019-09-18T11:43:05Z">
          <reporter-output>
          </reporter-output>
        </test-method> <!-- JUPclick -->
        <test-method status="FAIL" signature="LoginFindPasswordPage()[pri:0, instance:automate.webautomate.testcase.Login@326de728]" name="LoginFindPasswordPage" duration-ms="5187" started-at="2019-09-18T11:43:05Z" finished-at="2019-09-18T11:43:10Z">
          <exception class="java.lang.AssertionError">
            <message>
              <![CDATA[找回密码 expected:<找回密码> but was:<产品登录页面：点击【忘记密码】跳转找回密码页面,断言title>]]>
            </message>
            <full-stacktrace>
              <![CDATA[java.lang.AssertionError: 找回密码 expected:<找回密码> but was:<产品登录页面：点击【忘记密码】跳转找回密码页面,断言title>
	at org.testng.AssertJUnit.assertEquals(AssertJUnit.java:101)
	at automate.webautomate.testcase.Login.LoginFindPasswordPage(Login.java:85)
	at sun.reflect.NativeMethodAccessorImpl.invoke0(Native Method)
	at sun.reflect.NativeMethodAccessorImpl.invoke(NativeMethodAccessorImpl.java:62)
	at sun.reflect.DelegatingMethodAccessorImpl.invoke(DelegatingMethodAccessorImpl.java:43)
	at java.lang.reflect.Method.invoke(Method.java:498)
	at org.testng.internal.MethodInvocationHelper.invokeMethod(MethodInvocationHelper.java:84)
	at org.testng.internal.Invoker.invokeMethod(Invoker.java:714)
	at org.testng.internal.Invoker.invokeTestMethod(Invoker.java:901)
	at org.testng.internal.Invoker.invokeTestMethods(Invoker.java:1231)
	at org.testng.internal.TestMethodWorker.invokeTestMethods(TestMethodWorker.java:127)
	at org.testng.internal.TestMethodWorker.run(TestMethodWorker.java:111)
	at org.testng.TestRunner.privateRun(TestRunner.java:767)
	at org.testng.TestRunner.run(TestRunner.java:617)
	at org.testng.SuiteRunner.runTest(SuiteRunner.java:335)
	at org.testng.SuiteRunner.runSequentially(SuiteRunner.java:330)
	at org.testng.SuiteRunner.privateRun(SuiteRunner.java:291)
	at org.testng.SuiteRunner.run(SuiteRunner.java:240)
	at org.testng.SuiteRunnerWorker.runSuite(SuiteRunnerWorker.java:52)
	at org.testng.SuiteRunnerWorker.run(SuiteRunnerWorker.java:86)
	at org.testng.TestNG.runSuitesSequentially(TestNG.java:1224)
	at org.testng.TestNG.runSuitesLocally(TestNG.java:1149)
	at org.testng.TestNG.run(TestNG.java:1057)
	at org.testng.remote.RemoteTestNG.run(RemoteTestNG.java:111)
	at org.testng.remote.RemoteTestNG.initAndRun(RemoteTestNG.java:204)
	at org.testng.remote.RemoteTestNG.main(RemoteTestNG.java:175)
]]>
            </full-stacktrace>
          </exception> <!-- java.lang.AssertionError -->
          <reporter-output>
          </reporter-output>
        </test-method> <!-- LoginFindPasswordPage -->
        <test-method status="PASS" signature="logingTrue()[pri:0, instance:automate.webautomate.testcase.Login@326de728]" name="logingTrue" duration-ms="15448" started-at="2019-09-18T11:43:10Z" finished-at="2019-09-18T11:43:25Z">
          <reporter-output>
          </reporter-output>
        </test-method> <!-- logingTrue -->
        <test-method status="PASS" signature="afterClass()[pri:0, instance:automate.webautomate.testcase.Login@326de728]" name="afterClass" is-config="true" duration-ms="2523" started-at="2019-09-18T11:43:25Z" finished-at="2019-09-18T11:43:28Z">
          <reporter-output>
          </reporter-output>
        </test-method> <!-- afterClass -->
      </class> <!-- automate.webautomate.testcase.Login -->
    </test> <!-- Test -->
  </suite> <!-- Suite -->
</testng-results>
